<?xml version="1.0" encoding="UTF-8"?>
<!-- Generated by org.testng.reporters.JUnitReportReporter -->
<testsuite name="com.HttpClientDemo" tests="1" time="0.910" ignored="0" failures="0" timestamp="01 二月 2019 07:47:39 GMT" skipped="0" hostname="LAPTOP-DLLB40IB" errors="0">
  <testcase name="testbaidu" time="0.910" classname="com.HttpClientDemo"/>
</testsuite> <!-- HttpClientDemo -->
